
StatusCode: 200, ReasonPhrase: 'OK', Version: 1.1, Content: System.Net.Http.HttpConnectionResponseContent, Headers:
{
  Date: Wed, 30 Sep 2020 00:27:37 GMT
  Server: Kestrel
  Transfer-Encoding: chunked
  Content-Type: application/json; charset=utf-8
}
... res: [(11, 22)]

StatusCode: 200, ReasonPhrase: 'OK', Version: 1.1, Content: System.Net.Http.HttpConnectionResponseContent, Headers:
{
  Date: Wed, 30 Sep 2020 00:27:37 GMT
  Server: Kestrel
  Transfer-Encoding: chunked
  Content-Type: application/json; charset=utf-8
}
... res: [(11, 22), (31, 42)]

StatusCode: 200, ReasonPhrase: 'OK', Version: 1.1, Content: System.Net.Http.HttpConnectionResponseContent, Headers:
{
  Date: Wed, 30 Sep 2020 00:27:37 GMT
  Server: Kestrel
  Transfer-Encoding: chunked
  Content-Type: application/json; charset=utf-8
}
... res: [(11, 22), (31, 42)]
